

Version:	3.50
CmdLine:	C:\Users\user\Desktop\Fx final\Inventory\shade\Inventory.exe --l4j-debug
JNI:		No
WOW64:		Yes
Working dir:	C:\Users\user\Desktop\Fx final\Inventory\shade\.
Requires JDK:	Yes
Requires 64-Bit: No
Java min ver:	1.011.000
Java max ver:	
Substitute:	JAVA_HOME = 
Substitute:	PATH = C:\Program Files\Java\jdk-11\bin;C:\Windows\system32;C:\Windows;C:\Windows\System32\Wbem;C:\Windows\System32\WindowsPowerShell\v1.0\;C:\Windows\System32\OpenSSH\;C:\Program Files (x86)\Java\jdk1.8.0_121\bin;C:\Program Files\nodejs\;C:\Program Files\MySQL\MySQL Server 8.0\bin;C:\Program Files\Git\cmd;C:\Users\user\AppData\Local\Microsoft\WindowsApps;;C:\Users\user\AppData\Local\Programs\Microsoft VS Code\bin;C:\Users\user\AppData\Roaming\npm;C:\Program Files\JetBrains\IntelliJ IDEA Community Edition 2023.2.4\bin;;C:\Program Files\JetBrains\IntelliJ IDEA 2023.2.4\bin;;C:\Program Files\Java\jdk-11\bin
JRE paths:	;C:\Program Files\Java\jdk-11\bin;C:\Windows\system32;C:\Windows;C:\Windows\System32\Wbem;C:\Windows\System32\WindowsPowerShell\v1.0\;C:\Windows\System32\OpenSSH\;C:\Program Files (x86)\Java\jdk1.8.0_121\bin;C:\Program Files\nodejs\;C:\Program Files\MySQL\MySQL Server 8.0\bin;C:\Program Files\Git\cmd;C:\Users\user\AppData\Local\Microsoft\WindowsApps;;C:\Users\user\AppData\Local\Programs\Microsoft VS Code\bin;C:\Users\user\AppData\Roaming\npm;C:\Program Files\JetBrains\IntelliJ IDEA Community Edition 2023.2.4\bin;;C:\Program Files\JetBrains\IntelliJ IDEA 2023.2.4\bin;;C:\Program Files\Java\jdk-11\bin
Check launcher:	C:\Program Files\Java\jdk-11\bin\javaw.exe (OK)
Check javac:	C:\Program Files\Java\jdk-11\bin\javac.exe (OK)
Version string: 1.011.000_020 / 64-Bit (OK)
Launcher:	C:\Program Files\Java\jdk-11\bin\javaw.exe
Launcher args:	-jar "C:\Users\user\Desktop\Fx final\Inventory\shade\Inventory.exe"
Args length:	67/32768 chars
Exit code:	0


Version:	3.50
CmdLine:	C:\Users\user\Desktop\Fx final\Inventory\shade\Inventory.exe --l4j-debug
JNI:		No
WOW64:		Yes
Working dir:	C:\Users\user\Desktop\Fx final\Inventory\shade\.
Requires JDK:	Yes
Requires 64-Bit: No
Java min ver:	1.011.000
Java max ver:	
Substitute:	JAVA_HOME = 
Substitute:	PATH = C:\Program Files\Java\jdk-11\bin;C:\Windows\system32;C:\Windows;C:\Windows\System32\Wbem;C:\Windows\System32\WindowsPowerShell\v1.0\;C:\Windows\System32\OpenSSH\;C:\Program Files (x86)\Java\jdk1.8.0_121\bin;C:\Program Files\nodejs\;C:\Program Files\MySQL\MySQL Server 8.0\bin;C:\Program Files\Git\cmd;C:\Users\user\AppData\Local\Microsoft\WindowsApps;;C:\Users\user\AppData\Local\Programs\Microsoft VS Code\bin;C:\Users\user\AppData\Roaming\npm;C:\Program Files\JetBrains\IntelliJ IDEA Community Edition 2023.2.4\bin;;C:\Program Files\JetBrains\IntelliJ IDEA 2023.2.4\bin;;C:\Program Files\Java\jdk-11\bin
JRE paths:	;C:\Program Files\Java\jdk-11\bin;C:\Windows\system32;C:\Windows;C:\Windows\System32\Wbem;C:\Windows\System32\WindowsPowerShell\v1.0\;C:\Windows\System32\OpenSSH\;C:\Program Files (x86)\Java\jdk1.8.0_121\bin;C:\Program Files\nodejs\;C:\Program Files\MySQL\MySQL Server 8.0\bin;C:\Program Files\Git\cmd;C:\Users\user\AppData\Local\Microsoft\WindowsApps;;C:\Users\user\AppData\Local\Programs\Microsoft VS Code\bin;C:\Users\user\AppData\Roaming\npm;C:\Program Files\JetBrains\IntelliJ IDEA Community Edition 2023.2.4\bin;;C:\Program Files\JetBrains\IntelliJ IDEA 2023.2.4\bin;;C:\Program Files\Java\jdk-11\bin
Check launcher:	C:\Program Files\Java\jdk-11\bin\javaw.exe (OK)
Check javac:	C:\Program Files\Java\jdk-11\bin\javac.exe (OK)
Version string: 1.011.000_020 / 64-Bit (OK)
Launcher:	C:\Program Files\Java\jdk-11\bin\javaw.exe
Launcher args:	-jar "C:\Users\user\Desktop\Fx final\Inventory\shade\Inventory.exe"
Args length:	67/32768 chars
Exit code:	0


Version:	3.50
CmdLine:	C:\Users\user\Desktop\Fx final\Inventory\shade\Inventory.exe --l4j-debug
JNI:		No
WOW64:		Yes
Working dir:	C:\Users\user\Desktop\Fx final\Inventory\shade\.
Requires JDK:	Yes
Requires 64-Bit: No
Java min ver:	1.011.000
Java max ver:	
Substitute:	JAVA_HOME = 
Substitute:	PATH = C:\Program Files\Java\jdk-11\bin;C:\Windows\system32;C:\Windows;C:\Windows\System32\Wbem;C:\Windows\System32\WindowsPowerShell\v1.0\;C:\Windows\System32\OpenSSH\;C:\Program Files (x86)\Java\jdk1.8.0_121\bin;C:\Program Files\nodejs\;C:\Program Files\MySQL\MySQL Server 8.0\bin;C:\Program Files\Git\cmd;C:\Users\user\AppData\Local\Microsoft\WindowsApps;;C:\Users\user\AppData\Local\Programs\Microsoft VS Code\bin;C:\Users\user\AppData\Roaming\npm;C:\Program Files\JetBrains\IntelliJ IDEA Community Edition 2023.2.4\bin;;C:\Program Files\JetBrains\IntelliJ IDEA 2023.2.4\bin;;C:\Program Files\Java\jdk-11\bin
JRE paths:	;C:\Program Files\Java\jdk-11\bin;C:\Windows\system32;C:\Windows;C:\Windows\System32\Wbem;C:\Windows\System32\WindowsPowerShell\v1.0\;C:\Windows\System32\OpenSSH\;C:\Program Files (x86)\Java\jdk1.8.0_121\bin;C:\Program Files\nodejs\;C:\Program Files\MySQL\MySQL Server 8.0\bin;C:\Program Files\Git\cmd;C:\Users\user\AppData\Local\Microsoft\WindowsApps;;C:\Users\user\AppData\Local\Programs\Microsoft VS Code\bin;C:\Users\user\AppData\Roaming\npm;C:\Program Files\JetBrains\IntelliJ IDEA Community Edition 2023.2.4\bin;;C:\Program Files\JetBrains\IntelliJ IDEA 2023.2.4\bin;;C:\Program Files\Java\jdk-11\bin
Check launcher:	C:\Program Files\Java\jdk-11\bin\javaw.exe (OK)
Check javac:	C:\Program Files\Java\jdk-11\bin\javac.exe (OK)
Version string: 1.011.000_020 / 64-Bit (OK)
Launcher:	C:\Program Files\Java\jdk-11\bin\javaw.exe
Launcher args:	-jar "C:\Users\user\Desktop\Fx final\Inventory\shade\Inventory.exe"
Args length:	67/32768 chars
Exit code:	0
